This is pdfTeX, Version 3.14159265-2.6-1.40.21 (TeX Live 2020/Arch Linux) (preloaded format=pdflatex 2020.9.9)  18 OCT 2020 14:41
entering extended mode
 restricted \write18 enabled.
 %&-line parsing enabled.
**thesis.tex
(./thesis.tex
LaTeX2e <2020-02-02> patch level 5
L3 programming layer <2020-06-03>
(/usr/share/texmf-dist/tex/latex/base/book.cls
Document Class: book 2019/12/20 v1.4l Standard LaTeX document class
(/usr/share/texmf-dist/tex/latex/base/bk11.clo
File: bk11.clo 2019/12/20 v1.4l Standard LaTeX file (size option)
)
\c@part=\count167
\c@chapter=\count168
\c@section=\count169
\c@subsection=\count170
\c@subsubsection=\count171
\c@paragraph=\count172
\c@subparagraph=\count173
\c@figure=\count174
\c@table=\count175
\abovecaptionskip=\skip47
\belowcaptionskip=\skip48
\bibindent=\dimen134
)
(/usr/share/texmf-dist/tex/latex/base/fontenc.sty
Package: fontenc 2020/02/11 v2.0o Standard LaTeX package
)
(/usr/share/texmf-dist/tex/latex/base/inputenc.sty
Package: inputenc 2018/08/11 v1.3c Input encoding file
\inpenc@prehook=\toks15
\inpenc@posthook=\toks16

(/usr/share/texmf-dist/tex/latex/base/latin9.def
File: latin9.def 2018/08/11 v1.3c Input encoding file
)) (./geometry.sty
Package: geometry 2010/09/12 v5.6 Page Geometry

(/usr/share/texmf-dist/tex/latex/graphics/keyval.sty
Package: keyval 2014/10/28 v1.15 key=value parser (DPC)
\KV@toks@=\toks17
)
(/usr/share/texmf-dist/tex/generic/iftex/ifpdf.sty
Package: ifpdf 2019/10/25 v3.4 ifpdf legacy package. Use iftex instead.

(/usr/share/texmf-dist/tex/generic/iftex/iftex.sty
Package: iftex 2020/03/06 v1.0d TeX engine tests
))
(/usr/share/texmf-dist/tex/generic/iftex/ifvtex.sty
Package: ifvtex 2019/10/25 v1.7 ifvtex legacy package. Use iftex instead.
)
(/usr/share/texmf-dist/tex/generic/iftex/ifxetex.sty
Package: ifxetex 2019/10/25 v0.7 ifxetex legacy package. Use iftex instead.
)
\Gm@cnth=\count176
\Gm@cntv=\count177
\c@Gm@tempcnt=\count178
\Gm@bindingoffset=\dimen135
\Gm@wd@mp=\dimen136
\Gm@odd@mp=\dimen137
\Gm@even@mp=\dimen138
\Gm@layoutwidth=\dimen139
\Gm@layoutheight=\dimen140
\Gm@layouthoffset=\dimen141
\Gm@layoutvoffset=\dimen142
\Gm@dimlist=\toks18
)
(/usr/share/texmf-dist/tex/latex/fancyhdr/fancyhdr.sty
Package: fancyhdr 2019/01/31 v3.10 Extensive control of page headers and footer
s
\f@nch@headwidth=\skip49
\f@nch@O@elh=\skip50
\f@nch@O@erh=\skip51
\f@nch@O@olh=\skip52
\f@nch@O@orh=\skip53
\f@nch@O@elf=\skip54
\f@nch@O@erf=\skip55
\f@nch@O@olf=\skip56
\f@nch@O@orf=\skip57
)
(/usr/share/texmf-dist/tex/latex/graphics/color.sty
Package: color 2019/11/23 v1.2a Standard LaTeX Color (DPC)

(/usr/share/texmf-dist/tex/latex/graphics-cfg/color.cfg
File: color.cfg 2016/01/02 v1.6 sample color configuration
)
Package color Info: Driver file: pdftex.def on input line 147.

(/usr/share/texmf-dist/tex/latex/graphics-def/pdftex.def
File: pdftex.def 2018/01/08 v1.0l Graphics/color driver for pdftex
))
(/usr/share/texmf-dist/tex/generic/babel/babel.sty
Package: babel 2020/05/13 3.44 The Babel package

(/usr/share/texmf-dist/tex/generic/babel/babel.def
File: babel.def 2020/05/13 3.44 Babel common definitions
\babel@savecnt=\count179
\U@D=\dimen143
\l@babelnohyphens=\language86

(/usr/share/texmf-dist/tex/generic/babel/txtbabel.def)
\bbl@readstream=\read2
)
\bbl@dirlevel=\count180

(/usr/share/texmf-dist/tex/generic/babel-english/english.ldf
Language: english 2017/06/06 v3.3r English support from the babel system
Package babel Info: \l@canadian = using hyphenrules for english
(babel)             (\language0) on input line 102.
Package babel Info: \l@australian = using hyphenrules for ukenglish
(babel)             (\language21) on input line 105.
Package babel Info: \l@newzealand = using hyphenrules for ukenglish
(babel)             (\language21) on input line 108.
))
(/usr/share/texmf-dist/tex/latex/float/float.sty
Package: float 2001/11/08 v1.3d Float enhancements (AL)
\c@float@type=\count181
\float@exts=\toks19
\float@box=\box45
\@float@everytoks=\toks20
\@floatcapt=\box46
)
(/usr/share/texmf-dist/tex/latex/booktabs/booktabs.sty
Package: booktabs 2020/01/12 v1.61803398 Publication quality tables
\heavyrulewidth=\dimen144
\lightrulewidth=\dimen145
\cmidrulewidth=\dimen146
\belowrulesep=\dimen147
\belowbottomsep=\dimen148
\aboverulesep=\dimen149
\abovetopsep=\dimen150
\cmidrulesep=\dimen151
\cmidrulekern=\dimen152
\defaultaddspace=\dimen153
\@cmidla=\count182
\@cmidlb=\count183
\@aboverulesep=\dimen154
\@belowrulesep=\dimen155
\@thisruleclass=\count184
\@lastruleclass=\count185
\@thisrulewidth=\dimen156
)
(/usr/share/texmf-dist/tex/latex/url/url.sty
\Urlmuskip=\muskip16
Package: url 2013/09/16  ver 3.4  Verb mode for urls, etc.
)
(/usr/share/texmf-dist/tex/latex/amsmath/amsmath.sty
Package: amsmath 2020/01/20 v2.17e AMS math features
\@mathmargin=\skip58

For additional information on amsmath, use the `?' option.
(/usr/share/texmf-dist/tex/latex/amsmath/amstext.sty
Package: amstext 2000/06/29 v2.01 AMS text

(/usr/share/texmf-dist/tex/latex/amsmath/amsgen.sty
File: amsgen.sty 1999/11/30 v2.0 generic functions
\@emptytoks=\toks21
\ex@=\dimen157
))
(/usr/share/texmf-dist/tex/latex/amsmath/amsbsy.sty
Package: amsbsy 1999/11/29 v1.2d Bold Symbols
\pmbraise@=\dimen158
)
(/usr/share/texmf-dist/tex/latex/amsmath/amsopn.sty
Package: amsopn 2016/03/08 v2.02 operator names
)
\inf@bad=\count186
LaTeX Info: Redefining \frac on input line 227.
\uproot@=\count187
\leftroot@=\count188
LaTeX Info: Redefining \overline on input line 389.
\classnum@=\count189
\DOTSCASE@=\count190
LaTeX Info: Redefining \ldots on input line 486.
LaTeX Info: Redefining \dots on input line 489.
LaTeX Info: Redefining \cdots on input line 610.
\Mathstrutbox@=\box47
\strutbox@=\box48
\big@size=\dimen159
LaTeX Font Info:    Redeclaring font encoding OML on input line 733.
LaTeX Font Info:    Redeclaring font encoding OMS on input line 734.
\macc@depth=\count191
\c@MaxMatrixCols=\count192
\dotsspace@=\muskip17
\c@parentequation=\count193
\dspbrk@lvl=\count194
\tag@help=\toks22
\row@=\count195
\column@=\count196
\maxfields@=\count197
\andhelp@=\toks23
\eqnshift@=\dimen160
\alignsep@=\dimen161
\tagshift@=\dimen162
\tagwidth@=\dimen163
\totwidth@=\dimen164
\lineht@=\dimen165
\@envbody=\toks24
\multlinegap=\skip59
\multlinetaggap=\skip60
\mathdisplay@stack=\toks25
LaTeX Info: Redefining \[ on input line 2859.
LaTeX Info: Redefining \] on input line 2860.
)
(/usr/share/texmf-dist/tex/latex/amsfonts/amssymb.sty
Package: amssymb 2013/01/14 v3.01 AMS font symbols

(/usr/share/texmf-dist/tex/latex/amsfonts/amsfonts.sty
Package: amsfonts 2013/01/14 v3.01 Basic AMSFonts support
\symAMSa=\mathgroup4
\symAMSb=\mathgroup5
LaTeX Font Info:    Redeclaring math symbol \hbar on input line 98.
LaTeX Font Info:    Overwriting math alphabet `\mathfrak' in version `bold'
(Font)                  U/euf/m/n --> U/euf/b/n on input line 106.
))
(/usr/share/texmf-dist/tex/latex/base/makeidx.sty
Package: makeidx 2014/09/29 v1.0m Standard LaTeX package
)
\@indexfile=\write3

Writing index file thesis.idx
(/usr/share/texmf-dist/tex/latex/graphics/graphicx.sty
Package: graphicx 2019/11/30 v1.2a Enhanced LaTeX Graphics (DPC,SPQR)

(/usr/share/texmf-dist/tex/latex/graphics/graphics.sty
Package: graphics 2019/11/30 v1.4a Standard LaTeX Graphics (DPC,SPQR)

(/usr/share/texmf-dist/tex/latex/graphics/trig.sty
Package: trig 2016/01/03 v1.10 sin cos tan (DPC)
)
(/usr/share/texmf-dist/tex/latex/graphics-cfg/graphics.cfg
File: graphics.cfg 2016/06/04 v1.11 sample graphics configuration
)
Package graphics Info: Driver file: pdftex.def on input line 105.
)
\Gin@req@height=\dimen166
\Gin@req@width=\dimen167
)
(/usr/share/texmf-dist/tex/latex/setspace/setspace.sty
Package: setspace 2011/12/19 v6.7a set line spacing
)
(/usr/share/texmf-dist/tex/latex/hyperref/hyperref.sty
Package: hyperref 2020-05-15 v7.00e Hypertext links for LaTeX

(/usr/share/texmf-dist/tex/generic/ltxcmds/ltxcmds.sty
Package: ltxcmds 2019/12/15 v1.24 LaTeX kernel commands for general use (HO)
)
(/usr/share/texmf-dist/tex/latex/pdftexcmds/pdftexcmds.sty
Package: pdftexcmds 2020-06-04 v0.32 Utility functions of pdfTeX for LuaTeX (HO
)

(/usr/share/texmf-dist/tex/generic/infwarerr/infwarerr.sty
Package: infwarerr 2019/12/03 v1.5 Providing info/warning/error messages (HO)
)
Package pdftexcmds Info: \pdf@primitive is available.
Package pdftexcmds Info: \pdf@ifprimitive is available.
Package pdftexcmds Info: \pdfdraftmode found.
)
(/usr/share/texmf-dist/tex/generic/kvsetkeys/kvsetkeys.sty
Package: kvsetkeys 2019/12/15 v1.18 Key value parser (HO)
)
(/usr/share/texmf-dist/tex/generic/kvdefinekeys/kvdefinekeys.sty
Package: kvdefinekeys 2019-12-19 v1.6 Define keys (HO)
)
(/usr/share/texmf-dist/tex/generic/pdfescape/pdfescape.sty
Package: pdfescape 2019/12/09 v1.15 Implements pdfTeX's escape features (HO)
)
(/usr/share/texmf-dist/tex/latex/hycolor/hycolor.sty
Package: hycolor 2020-01-27 v1.10 Color options for hyperref/bookmark (HO)
)
(/usr/share/texmf-dist/tex/latex/letltxmacro/letltxmacro.sty
Package: letltxmacro 2019/12/03 v1.6 Let assignment for LaTeX macros (HO)
)
(/usr/share/texmf-dist/tex/latex/auxhook/auxhook.sty
Package: auxhook 2019-12-17 v1.6 Hooks for auxiliary files (HO)
)
(/usr/share/texmf-dist/tex/latex/kvoptions/kvoptions.sty
Package: kvoptions 2019/11/29 v3.13 Key value format for package options (HO)
)
\@linkdim=\dimen168
\Hy@linkcounter=\count198
\Hy@pagecounter=\count199

(/usr/share/texmf-dist/tex/latex/hyperref/pd1enc.def
File: pd1enc.def 2020-05-15 v7.00e Hyperref: PDFDocEncoding definition (HO)
Now handling font encoding PD1 ...
... no UTF-8 mapping file for font encoding PD1
)
(/usr/share/texmf-dist/tex/generic/intcalc/intcalc.sty
Package: intcalc 2019/12/15 v1.3 Expandable calculations with integers (HO)
)
(/usr/share/texmf-dist/tex/generic/etexcmds/etexcmds.sty
Package: etexcmds 2019/12/15 v1.7 Avoid name clashes with e-TeX commands (HO)
)
\Hy@SavedSpaceFactor=\count266
Package hyperref Info: Option `unicode' set `true' on input line 4338.

(/usr/share/texmf-dist/tex/latex/hyperref/puenc.def
File: puenc.def 2020-05-15 v7.00e Hyperref: PDF Unicode definition (HO)
Now handling font encoding PU ...
... no UTF-8 mapping file for font encoding PU
)
Package hyperref Info: Option `pdfusetitle' set `true' on input line 4338.
Package hyperref Info: Option `bookmarks' set `true' on input line 4338.
Package hyperref Info: Option `bookmarksnumbered' set `false' on input line 433
8.
Package hyperref Info: Option `bookmarksopen' set `false' on input line 4338.
Package hyperref Info: Option `breaklinks' set `false' on input line 4338.
Package hyperref Info: Option `colorlinks' set `false' on input line 4338.
Package hyperref Info: Hyper figures OFF on input line 4464.
Package hyperref Info: Link nesting OFF on input line 4469.
Package hyperref Info: Hyper index ON on input line 4472.
Package hyperref Info: Plain pages OFF on input line 4479.
Package hyperref Info: Backreferencing OFF on input line 4484.
Package hyperref Info: Implicit mode ON; LaTeX internals redefined.
Package hyperref Info: Bookmarks ON on input line 4717.
\c@Hy@tempcnt=\count267
LaTeX Info: Redefining \url on input line 5076.
\XeTeXLinkMargin=\dimen169

(/usr/share/texmf-dist/tex/generic/bitset/bitset.sty
Package: bitset 2019/12/09 v1.3 Handle bit-vector datatype (HO)

(/usr/share/texmf-dist/tex/generic/bigintcalc/bigintcalc.sty
Package: bigintcalc 2019/12/15 v1.5 Expandable calculations on big integers (HO
)
))
\Fld@menulength=\count268
\Field@Width=\dimen170
\Fld@charsize=\dimen171
Package hyperref Info: Hyper figures OFF on input line 6347.
Package hyperref Info: Link nesting OFF on input line 6352.
Package hyperref Info: Hyper index ON on input line 6355.
Package hyperref Info: backreferencing OFF on input line 6362.
Package hyperref Info: Link coloring OFF on input line 6367.
Package hyperref Info: Link coloring with OCG OFF on input line 6372.
Package hyperref Info: PDF/A mode OFF on input line 6377.
LaTeX Info: Redefining \ref on input line 6417.
LaTeX Info: Redefining \pageref on input line 6421.

(/usr/share/texmf-dist/tex/generic/atbegshi/atbegshi.sty
Package: atbegshi 2019/12/05 v1.19 At begin shipout hook (HO)
)
\Hy@abspage=\count269
\c@Item=\count270
\c@Hfootnote=\count271
)
Package hyperref Info: Driver (autodetected): hpdftex.

(/usr/share/texmf-dist/tex/latex/hyperref/hpdftex.def
File: hpdftex.def 2020-05-15 v7.00e Hyperref driver for pdfTeX

(/usr/share/texmf-dist/tex/latex/atveryend/atveryend.sty
Package: atveryend 2019-12-11 v1.11 Hooks at the very end of document (HO)
Package atveryend Info: \enddocument detected (standard20110627).
)
\Fld@listcount=\count272
\c@bookmark@seq@number=\count273

(/usr/share/texmf-dist/tex/latex/rerunfilecheck/rerunfilecheck.sty
Package: rerunfilecheck 2019/12/05 v1.9 Rerun checks for auxiliary files (HO)

(/usr/share/texmf-dist/tex/generic/uniquecounter/uniquecounter.sty
Package: uniquecounter 2019/12/15 v1.4 Provide unlimited unique counter (HO)
)
Package uniquecounter Info: New unique counter `rerunfilecheck' on input line 2
86.
)
\Hy@SectionHShift=\skip61
)
(/usr/share/texmf-dist/tex/latex/breakurl/breakurl.sty
Package: breakurl 2013/04/10 v1.40 Breakable hyperref URLs

(/usr/share/texmf-dist/tex/latex/xkeyval/xkeyval.sty
Package: xkeyval 2014/12/03 v2.7a package option processing (HA)

(/usr/share/texmf-dist/tex/generic/xkeyval/xkeyval.tex
(/usr/share/texmf-dist/tex/generic/xkeyval/xkvutils.tex
\XKV@toks=\toks26
\XKV@tempa@toks=\toks27
)
\XKV@depth=\count274
File: xkeyval.tex 2014/12/03 v2.7a key=value parser (HA)
))

Package breakurl Warning: You are using breakurl while processing via pdflatex.

(breakurl)                \burl will be just a synonym of \url.
(breakurl)                 on input line 48.

)
\@float@every@algorithm=\toks28
\c@algorithm=\count275
 (/usr/share/texmf-dist/tex/latex/lettrine/lettrine.sty
File: lettrine.sty 2020-03-14 v2.23 (Daniel Flipo)

(/usr/share/texmf-dist/tex/generic/minifp/minifp.sty
Package: minifp 2013/12/30 v0.96. Macros for real number operations and a stack
-based programing language.
\MFP@loopctr=\count276
)
\c@DefaultLines=\count277
\c@DefaultDepth=\count278
\DefaultFindent=\dimen172
\DefaultNindent=\dimen173
\DefaultSlope=\dimen174
\DiscardVskip=\dimen175
\L@lbox=\box49
\L@tbox=\box50
\c@L@lines=\count279
\c@L@depth=\count280
\L@Pindent=\dimen176
\L@Findent=\dimen177
\L@Nindent=\dimen178
\L@lraise=\dimen179
\L@first=\dimen180
\L@next=\dimen181
\L@slope=\dimen182
\L@height=\dimen183
\L@novskip=\dimen184
\L@target@ht=\dimen185
\L@target@dp=\dimen186
\L@target@tht=\dimen187
\LettrineWidth=\dimen188
\LettrineHeight=\dimen189
\LettrineDepth=\dimen190
\Llist@everypar=\toks29

Loading lettrine.cfg
(/usr/share/texmf-dist/tex/latex/lettrine/lettrine.cfg))
(/usr/share/texmf-dist/tex/latex/tools/tabularx.sty
Package: tabularx 2020/01/15 v2.11c `tabularx' package (DPC)

(/usr/share/texmf-dist/tex/latex/tools/array.sty
Package: array 2019/08/31 v2.4l Tabular extension package (FMi)
\col@sep=\dimen191
\ar@mcellbox=\box51
\extrarowheight=\dimen192
\NC@list=\toks30
\extratabsurround=\skip62
\backup@length=\skip63
\ar@cellbox=\box52
)
\TX@col@width=\dimen193
\TX@old@table=\dimen194
\TX@old@col=\dimen195
\TX@target=\dimen196
\TX@delta=\dimen197
\TX@cols=\count281
\TX@ftn=\toks31
)
(/usr/share/texmf-dist/tex/latex/amscls/amsthm.sty
Package: amsthm 2020/05/29 v2.20.6
\thm@style=\toks32
\thm@bodyfont=\toks33
\thm@headfont=\toks34
\thm@notefont=\toks35
\thm@headpunct=\toks36
\thm@preskip=\skip64
\thm@postskip=\skip65
\thm@headsep=\skip66
\dth@everypar=\toks37
)
(/usr/share/texmf-dist/tex/latex/graphics/rotating.sty
Package: rotating 2016/08/11 v2.16d rotated objects in LaTeX

(/usr/share/texmf-dist/tex/latex/base/ifthen.sty
Package: ifthen 2014/09/29 v1.1c Standard LaTeX ifthen package (DPC)
)
\c@r@tfl@t=\count282
\rotFPtop=\skip67
\rotFPbot=\skip68
\rot@float@box=\box53
\rot@mess@toks=\toks38
)
(/usr/share/texmf-dist/tex/latex/caption/caption.sty
Package: caption 2020/05/10 v3.4j Customizing captions (AR)

(/usr/share/texmf-dist/tex/latex/caption/caption3.sty
Package: caption3 2020/05/10 v1.11 caption3 kernel (AR)
Package caption3 Info: TeX engine: e-TeX on input line 61.
\captionmargin=\dimen198
\captionmargin@=\dimen199
\captionwidth=\dimen256
\caption@tempdima=\dimen257
\caption@indent=\dimen258
\caption@parindent=\dimen259
\caption@hangindent=\dimen260
Package caption Info: Standard document class detected.
)
\c@caption@flags=\count283
\c@continuedfloat=\count284
Package caption Info: float package is loaded.
Package caption Info: hyperref package is loaded.
Package caption Info: rotating package is loaded.
)
(/usr/share/texmf-dist/tex/latex/graphics/epsfig.sty
Package: epsfig 2017/06/25 v1.7b (e)psfig emulation (SPQR)
\epsfxsize=\dimen261
\epsfysize=\dimen262
)
(/usr/share/texmf-dist/tex/latex/tools/indentfirst.sty
Package: indentfirst 1995/11/23 v1.03 Indent first paragraph (DPC)
)
(/usr/share/texmf-dist/tex/latex/biblatex/biblatex.sty
Package: biblatex 2019/12/01 v3.14 programmable bibliographies (PK/MW)

(/usr/share/texmf-dist/tex/latex/etoolbox/etoolbox.sty
Package: etoolbox 2019/09/21 v2.5h e-TeX tools for LaTeX (JAW)
\etb@tempcnta=\count285
)
(/usr/share/texmf-dist/tex/latex/logreq/logreq.sty
Package: logreq 2010/08/04 v1.0 xml request logger
\lrq@indent=\count286

(/usr/share/texmf-dist/tex/latex/logreq/logreq.def
File: logreq.def 2010/08/04 v1.0 logreq spec v1.0
))
\c@tabx@nest=\count287
\c@listtotal=\count288
\c@listcount=\count289
\c@liststart=\count290
\c@liststop=\count291
\c@citecount=\count292
\c@citetotal=\count293
\c@multicitecount=\count294
\c@multicitetotal=\count295
\c@instcount=\count296
\c@maxnames=\count297
\c@minnames=\count298
\c@maxitems=\count299
\c@minitems=\count300
\c@citecounter=\count301
\c@maxcitecounter=\count302
\c@savedcitecounter=\count303
\c@uniquelist=\count304
\c@uniquename=\count305
\c@refsection=\count306
\c@refsegment=\count307
\c@maxextratitle=\count308
\c@maxextratitleyear=\count309
\c@maxextraname=\count310
\c@maxextradate=\count311
\c@maxextraalpha=\count312
\c@abbrvpenalty=\count313
\c@highnamepenalty=\count314
\c@lownamepenalty=\count315
\c@maxparens=\count316
\c@parenlevel=\count317
\blx@tempcnta=\count318
\blx@tempcntb=\count319
\blx@tempcntc=\count320
\blx@maxsection=\count321
\blx@maxsegment@0=\count322
\blx@notetype=\count323
\blx@parenlevel@text=\count324
\blx@parenlevel@foot=\count325
\blx@sectionciteorder@0=\count326
\blx@entrysetcounter=\count327
\labelnumberwidth=\skip69
\labelalphawidth=\skip70
\biblabelsep=\skip71
\bibitemsep=\skip72
\bibnamesep=\skip73
\bibinitsep=\skip74
\bibparsep=\skip75
\bibhang=\skip76
\blx@bcfin=\read3
\blx@bcfout=\write4
\blx@langwohyphens=\language87
\c@mincomprange=\count328
\c@maxcomprange=\count329
\c@mincompwidth=\count330
Package biblatex Info: Trying to load biblatex default data model...
Package biblatex Info: ... file 'blx-dm.def' found.

(/usr/share/texmf-dist/tex/latex/biblatex/blx-dm.def
File: blx-dm.def 2019/12/01 v3.14 biblatex localization (PK/MW)
)
Package biblatex Info: Trying to load biblatex custom data model...
Package biblatex Info: ... file 'biblatex-dm.cfg' not found.
\c@afterword=\count331
\c@savedafterword=\count332
\c@annotator=\count333
\c@savedannotator=\count334
\c@author=\count335
\c@savedauthor=\count336
\c@bookauthor=\count337
\c@savedbookauthor=\count338
\c@commentator=\count339
\c@savedcommentator=\count340
\c@editor=\count341
\c@savededitor=\count342
\c@editora=\count343
\c@savededitora=\count344
\c@editorb=\count345
\c@savededitorb=\count346
\c@editorc=\count347
\c@savededitorc=\count348
\c@foreword=\count349
\c@savedforeword=\count350
\c@holder=\count351
\c@savedholder=\count352
\c@introduction=\count353
\c@savedintroduction=\count354
\c@namea=\count355
\c@savednamea=\count356
\c@nameb=\count357
\c@savednameb=\count358
\c@namec=\count359
\c@savednamec=\count360
\c@translator=\count361
\c@savedtranslator=\count362
\c@shortauthor=\count363
\c@savedshortauthor=\count364
\c@shorteditor=\count365
\c@savedshorteditor=\count366
\c@labelname=\count367
\c@savedlabelname=\count368
\c@institution=\count369
\c@savedinstitution=\count370
\c@lista=\count371
\c@savedlista=\count372
\c@listb=\count373
\c@savedlistb=\count374
\c@listc=\count375
\c@savedlistc=\count376
\c@listd=\count377
\c@savedlistd=\count378
\c@liste=\count379
\c@savedliste=\count380
\c@listf=\count381
\c@savedlistf=\count382
\c@location=\count383
\c@savedlocation=\count384
\c@organization=\count385
\c@savedorganization=\count386
\c@origlocation=\count387
\c@savedoriglocation=\count388
\c@origpublisher=\count389
\c@savedorigpublisher=\count390
\c@publisher=\count391
\c@savedpublisher=\count392
\c@language=\count393
\c@savedlanguage=\count394
\c@origlanguage=\count395
\c@savedoriglanguage=\count396
\c@pageref=\count397
\c@savedpageref=\count398
\shorthandwidth=\skip77
\shortjournalwidth=\skip78
\shortserieswidth=\skip79
\shorttitlewidth=\skip80
\shortauthorwidth=\skip81
\shorteditorwidth=\skip82
\locallabelnumberwidth=\skip83
\locallabelalphawidth=\skip84
\localshorthandwidth=\skip85
\localshortjournalwidth=\skip86
\localshortserieswidth=\skip87
\localshorttitlewidth=\skip88
\localshortauthorwidth=\skip89
\localshorteditorwidth=\skip90
Package biblatex Info: Trying to load compatibility code...
Package biblatex Info: ... file 'blx-compat.def' found.

(/usr/share/texmf-dist/tex/latex/biblatex/blx-compat.def
File: blx-compat.def 2019/12/01 v3.14 biblatex compatibility (PK/MW)
)
Package biblatex Info: Trying to load generic definitions...
Package biblatex Info: ... file 'biblatex.def' found.

(/usr/share/texmf-dist/tex/latex/biblatex/biblatex.def
File: biblatex.def 2019/12/01 v3.14 biblatex compatibility (PK/MW)
\c@textcitecount=\count399
\c@textcitetotal=\count400
\c@textcitemaxnames=\count401
\c@biburlbigbreakpenalty=\count402
\c@biburlbreakpenalty=\count403
\c@biburlnumpenalty=\count404
\c@biburlucpenalty=\count405
\c@biburllcpenalty=\count406
\biburlbigskip=\muskip18
\biburlnumskip=\muskip19
\biburlucskip=\muskip20
\biburllcskip=\muskip21
\c@smartand=\count407
)
Package biblatex Info: Trying to load bibliography style 'numeric'...
Package biblatex Info: ... file 'numeric.bbx' found.

(/usr/share/texmf-dist/tex/latex/biblatex/bbx/numeric.bbx
File: numeric.bbx 2019/12/01 v3.14 biblatex bibliography style (PK/MW)
Package biblatex Info: Trying to load bibliography style 'standard'...
Package biblatex Info: ... file 'standard.bbx' found.

(/usr/share/texmf-dist/tex/latex/biblatex/bbx/standard.bbx
File: standard.bbx 2019/12/01 v3.14 biblatex bibliography style (PK/MW)
\c@bbx:relatedcount=\count408
\c@bbx:relatedtotal=\count409
))
Package biblatex Info: Trying to load citation style 'numeric'...
Package biblatex Info: ... file 'numeric.cbx' found.

(/usr/share/texmf-dist/tex/latex/biblatex/cbx/numeric.cbx
File: numeric.cbx 2019/12/01 v3.14 biblatex citation style (PK/MW)
Package biblatex Info: Redefining '\cite'.
Package biblatex Info: Redefining '\parencite'.
Package biblatex Info: Redefining '\footcite'.
Package biblatex Info: Redefining '\footcitetext'.
Package biblatex Info: Redefining '\smartcite'.
Package biblatex Info: Redefining '\supercite'.
Package biblatex Info: Redefining '\textcite'.
Package biblatex Info: Redefining '\textcites'.
Package biblatex Info: Redefining '\cites'.
Package biblatex Info: Redefining '\parencites'.
Package biblatex Info: Redefining '\smartcites'.
)
Package biblatex Info: Trying to load configuration file...
Package biblatex Info: ... file 'biblatex.cfg' found.

(/usr/share/texmf-dist/tex/latex/biblatex/biblatex.cfg
File: biblatex.cfg 
))
(/usr/share/texmf-dist/tex/generic/ulem/ulem.sty
\UL@box=\box54
\UL@hyphenbox=\box55
\UL@skip=\skip91
\UL@hook=\toks39
\UL@height=\dimen263
\UL@pe=\count410
\UL@pixel=\dimen264
\ULC@box=\box56
Package: ulem 2019/11/18
\ULdepth=\dimen265
)
(/usr/share/texmf-dist/tex/latex/xcolor/xcolor.sty
Package: xcolor 2016/05/11 v2.12 LaTeX color extensions (UK)

(/usr/share/texmf-dist/tex/latex/graphics-cfg/color.cfg
File: color.cfg 2016/01/02 v1.6 sample color configuration
)
Package xcolor Info: Driver file: pdftex.def on input line 225.

(/usr/share/texmf-dist/tex/latex/colortbl/colortbl.sty
Package: colortbl 2020/01/04 v1.0e Color table columns (DPC)
\everycr=\toks40
\minrowclearance=\skip92
)
LaTeX Info: Redefining \color on input line 709.
\rownum=\count411
Package xcolor Info: Model `cmy' substituted by `cmy0' on input line 1348.
Package xcolor Info: Model `hsb' substituted by `rgb' on input line 1352.
Package xcolor Info: Model `RGB' extended on input line 1364.
Package xcolor Info: Model `HTML' substituted by `rgb' on input line 1366.
Package xcolor Info: Model `Hsb' substituted by `hsb' on input line 1367.
Package xcolor Info: Model `tHsb' substituted by `hsb' on input line 1368.
Package xcolor Info: Model `HSB' substituted by `hsb' on input line 1369.
Package xcolor Info: Model `Gray' substituted by `gray' on input line 1370.
Package xcolor Info: Model `wave' substituted by `hsb' on input line 1371.
)
(/usr/share/texmf-dist/tex/latex/algorithmicx/algpseudocode.sty
Package: algpseudocode 

(/usr/share/texmf-dist/tex/latex/algorithmicx/algorithmicx.sty
Package: algorithmicx 2005/04/27 v1.2 Algorithmicx

Document Style algorithmicx 1.2 - a greatly improved `algorithmic' style
\c@ALG@line=\count412
\c@ALG@rem=\count413
\c@ALG@nested=\count414
\ALG@tlm=\skip93
\ALG@thistlm=\skip94
\c@ALG@Lnr=\count415
\c@ALG@blocknr=\count416
\c@ALG@storecount=\count417
\c@ALG@tmpcounter=\count418
\ALG@tmplength=\skip95
)
Document Style - pseudocode environments for use with the `algorithmicx' style
) (/usr/share/texmf-dist/tex/latex/lipsum/lipsum.sty
(/usr/share/texmf-dist/tex/latex/l3kernel/expl3.sty
Package: expl3 2020-06-03 L3 programming layer (loader) 

(/usr/share/texmf-dist/tex/latex/l3backend/l3backend-pdfmode.def
File: l3backend-pdfmode.def 2020-06-03 L3 backend support: PDF mode
\l__kernel_color_stack_int=\count419
\l__pdf_internal_box=\box57
))
(/usr/share/texmf-dist/tex/latex/l3packages/xparse/xparse.sty
Package: xparse 2020-05-15 L3 Experimental document command parser

(/usr/share/texmf-dist/tex/latex/l3packages/xparse/xparse-generic.tex
\l__xparse_current_arg_int=\count420
\g__xparse_grabber_int=\count421
\l__xparse_m_args_int=\count422
\l__xparse_v_nesting_int=\count423
))
Package: lipsum 2019/01/02 v2.2 150 paragraphs of Lorem Ipsum dummy text

(/usr/share/texmf-dist/tex/latex/lipsum/lipsum.ltd.tex
File: lipsum.ltd.tex 2019/01/02 v2.2 The Lorem ipsum dummy text
))
(/usr/share/texmf-dist/tex/latex/svg/svg.sty
Package: svg 2020/05/07 v2.02f (include SVG pictures)

(/usr/share/texmf-dist/tex/latex/koma-script/scrbase.sty
Package: scrbase 2020/04/19 v3.30 KOMA-Script package (KOMA-Script-independent 
basics and keyval usage)

(/usr/share/texmf-dist/tex/latex/koma-script/scrlfile.sty
Package: scrlfile 2020/04/19 v3.30 KOMA-Script package (loading files)
))
(/usr/share/texmf-dist/tex/latex/tools/shellesc.sty
Package: shellesc 2019/11/08 v1.0c unified shell escape interface for LaTeX
Package shellesc Info: Restricted shell escape enabled on input line 77.
)
(/usr/share/texmf-dist/tex/latex/trimspaces/trimspaces.sty
Package: trimspaces 2009/09/17 v1.1 Trim spaces around a token list
)
\svg@box=\box58
\c@svg@param@lastpage=\count424
\c@svg@param@currpage=\count425
)
(/usr/share/texmf-dist/tex/latex/transparent/transparent.sty
Package: transparent 2019/11/29 v1.4 Transparency via pdfTeX's color stack (HO)

)
(/usr/share/texmf-dist/tex/latex/subfig/subfig.sty
Package: subfig 2005/06/28 ver: 1.3 subfig package
\c@KVtest=\count426
\sf@farskip=\skip96
\sf@captopadj=\dimen266
\sf@capskip=\skip97
\sf@nearskip=\skip98
\c@subfigure=\count427
\c@subfigure@save=\count428
\c@lofdepth=\count429
\c@subtable=\count430
\c@subtable@save=\count431
\c@lotdepth=\count432
\sf@top=\skip99
\sf@bottom=\skip100
)
(/usr/share/texmf-dist/tex/latex/listings/listings.sty
\lst@mode=\count433
\lst@gtempboxa=\box59
\lst@token=\toks41
\lst@length=\count434
\lst@currlwidth=\dimen267
\lst@column=\count435
\lst@pos=\count436
\lst@lostspace=\dimen268
\lst@width=\dimen269
\lst@newlines=\count437
\lst@lineno=\count438
\lst@maxwidth=\dimen270

(/usr/share/texmf-dist/tex/latex/listings/lstmisc.sty
File: lstmisc.sty 2020/03/24 1.8d (Carsten Heinz)
\c@lstnumber=\count439
\lst@skipnumbers=\count440
\lst@framebox=\box60
)
(/usr/share/texmf-dist/tex/latex/listings/listings.cfg
File: listings.cfg 2020/03/24 1.8d listings configuration
))
Package: listings 2020/03/24 1.8d (Carsten Heinz)


Package biblatex Warning: 'babel/polyglossia' detected but 'csquotes' missing.
(biblatex)                Loading 'csquotes' recommended.

\@quotelevel=\count441
\@quotereset=\count442
(./thesis.aux)
LaTeX Font Info:    Checking defaults for OML/cmm/m/it on input line 98.
LaTeX Font Info:    ... okay on input line 98.
LaTeX Font Info:    Checking defaults for OMS/cmsy/m/n on input line 98.
LaTeX Font Info:    ... okay on input line 98.
LaTeX Font Info:    Checking defaults for OT1/cmr/m/n on input line 98.
LaTeX Font Info:    ... okay on input line 98.
LaTeX Font Info:    Checking defaults for T1/cmr/m/n on input line 98.
LaTeX Font Info:    ... okay on input line 98.
LaTeX Font Info:    Checking defaults for TS1/cmr/m/n on input line 98.
LaTeX Font Info:    ... okay on input line 98.
LaTeX Font Info:    Checking defaults for OMX/cmex/m/n on input line 98.
LaTeX Font Info:    ... okay on input line 98.
LaTeX Font Info:    Checking defaults for U/cmr/m/n on input line 98.
LaTeX Font Info:    ... okay on input line 98.
LaTeX Font Info:    Checking defaults for PD1/pdf/m/n on input line 98.
LaTeX Font Info:    ... okay on input line 98.
LaTeX Font Info:    Checking defaults for PU/pdf/m/n on input line 98.
LaTeX Font Info:    ... okay on input line 98.

*geometry* driver: auto-detecting
*geometry* detected driver: pdftex

Package geometry Warning: The marginal notes overrun the paper.
     Add 37.64174pt and more to the right margin.

*geometry* verbose mode - [ preamble ] result:
* driver: pdftex
* paper: a4paper
* layout: <same size as paper>
* layoutoffset:(h,v)=(0.0pt,0.0pt)
* modes: twoside 
* h-part:(L,W,R)=(113.81102pt, 398.3386pt, 85.35826pt)
* v-part:(T,H,B)=(85.35826pt, 660.10394pt, 99.58464pt)
* \paperwidth=597.50787pt
* \paperheight=845.04684pt
* \textwidth=398.3386pt
* \textheight=660.10394pt
* \oddsidemargin=41.54103pt
* \evensidemargin=13.08827pt
* \topmargin=-18.78552pt
* \headheight=14.0pt
* \headsep=19.8738pt
* \topskip=11.0pt
* \footskip=27.46295pt
* \marginparwidth=116.0pt
* \marginparsep=7.0pt
* \columnsep=10.0pt
* \skip\footins=10.0pt plus 4.0pt minus 2.0pt
* \hoffset=0.0pt
* \voffset=0.0pt
* \mag=1000
* \@twocolumnfalse
* \@twosidetrue
* \@mparswitchtrue
* \@reversemarginfalse
* (1in=72.27pt=25.4mm, 1cm=28.453pt)

(/usr/share/texmf-dist/tex/context/base/mkii/supp-pdf.mkii
[Loading MPS to PDF converter (version 2006.09.02).]
\scratchcounter=\count443
\scratchdimen=\dimen271
\scratchbox=\box61
\nofMPsegments=\count444
\nofMParguments=\count445
\everyMPshowfont=\toks42
\MPscratchCnt=\count446
\MPscratchDim=\dimen272
\MPnumerator=\count447
\makeMPintoPDFobject=\count448
\everyMPtoPDFconversion=\toks43
) (/usr/share/texmf-dist/tex/latex/epstopdf-pkg/epstopdf-base.sty
Package: epstopdf-base 2020-01-24 v2.11 Base part for package epstopdf
Package epstopdf-base Info: Redefining graphics rule for `.eps' on input line 4
85.

(/usr/share/texmf-dist/tex/latex/latexconfig/epstopdf-sys.cfg
File: epstopdf-sys.cfg 2010/07/13 v1.3 Configuration of (r)epstopdf for TeX Liv
e
))
\AtBeginShipoutBox=\box62
Package hyperref Info: Link coloring OFF on input line 98.

(/usr/share/texmf-dist/tex/latex/hyperref/nameref.sty
Package: nameref 2019/09/16 v2.46 Cross-referencing by name of section

(/usr/share/texmf-dist/tex/latex/refcount/refcount.sty
Package: refcount 2019/12/15 v3.6 Data extraction from label references (HO)
)
(/usr/share/texmf-dist/tex/generic/gettitlestring/gettitlestring.sty
Package: gettitlestring 2019/12/15 v1.6 Cleanup title references (HO)
)
\c@section@level=\count449
)
LaTeX Info: Redefining \ref on input line 98.
LaTeX Info: Redefining \pageref on input line 98.
LaTeX Info: Redefining \nameref on input line 98.

(./thesis.out) (./thesis.out)
\@outlinefile=\write5
Package caption Info: Begin \AtBeginDocument code.
Package caption Info: subfig package v1.3 is loaded.
Package caption Info: listings package is loaded.
Package caption Info: End \AtBeginDocument code.
Package biblatex Info: Trying to load language 'english'...
Package biblatex Info: ... file 'english.lbx' found.

(/usr/share/texmf-dist/tex/latex/biblatex/lbx/english.lbx
File: english.lbx 2019/12/01 v3.14 biblatex localization (PK/MW)
)
Package biblatex Info: Input encoding 'latin9' detected.
Package biblatex Info: Automatic encoding selection.
(biblatex)             Assuming data encoding 'latin9'.
Package biblatex Info: Trying to load bibliographic data...
Package biblatex Info: ... file 'thesis.bbl' found.
 (./thesis.bbl)
Package biblatex Info: Reference section=0 on input line 98.
Package biblatex Info: Reference segment=0 on input line 98.
\c@lstlisting=\count450

(./title-page/title-page.tex
*geometry* verbose mode - [ newgeometry ] result:
* driver: pdftex
* paper: a4paper
* layout: <same size as paper>
* layoutoffset:(h,v)=(0.0pt,0.0pt)
* modes: twoside 
* h-part:(L,W,R)=(85.35826pt, 426.79135pt, 85.35826pt)
* v-part:(T,H,B)=(85.35826pt, 674.33032pt, 85.35826pt)
* \paperwidth=597.50787pt
* \paperheight=845.04684pt
* \textwidth=426.79135pt
* \textheight=674.33032pt
* \oddsidemargin=13.08827pt
* \evensidemargin=13.08827pt
* \topmargin=-20.78552pt
* \headheight=14.0pt
* \headsep=19.8738pt
* \topskip=11.0pt
* \footskip=27.46295pt
* \marginparwidth=116.0pt
* \marginparsep=7.0pt
* \columnsep=10.0pt
* \skip\footins=10.0pt plus 4.0pt minus 2.0pt
* \hoffset=0.0pt
* \voffset=0.0pt
* \mag=1000
* \@twocolumnfalse
* \@twosidetrue
* \@mparswitchtrue
* \@reversemarginfalse
* (1in=72.27pt=25.4mm, 1cm=28.453pt)

<title-page/logo-polimi.pdf, id=94, 140.99174pt x 107.96014pt>
File: title-page/logo-polimi.pdf Graphic file (type pdf)
<use title-page/logo-polimi.pdf>
Package pdftex.def Info: title-page/logo-polimi.pdf  used on input line 14.
(pdftex.def)             Requested size: 256.07741pt x 196.1138pt.
LaTeX Font Info:    Trying to load font information for U+msa on input line 25.

(/usr/share/texmf-dist/tex/latex/amsfonts/umsa.fd
File: umsa.fd 2013/01/14 v3.01 AMS symbols A
)
LaTeX Font Info:    Trying to load font information for U+msb on input line 25.


(/usr/share/texmf-dist/tex/latex/amsfonts/umsb.fd
File: umsb.fd 2013/01/14 v3.01 AMS symbols B
) [1


{/var/lib/texmf/fonts/map/pdftex/updmap/pdftex.map} <./title-page/logo-polimi.p
df>]) [2


] [1

] [2

]
(./acknowledgments.tex) [3

] [4

] (./abstract.tex) [5

] [6

] (./sommario.tex)
[7

] [8

] (./thesis.toc)
\tf@toc=\write6
 [9

] [10

] (./thesis.lof)
\tf@lof=\write7
 [11] [12

] (./thesis.lot)
\tf@lot=\write8

[13] [14

] (./thesis.loa)
\tf@loa=\write9
 [15] [16

] (./introduction.texpdfTeX warning (ext4): destination with the same identifie
r (name{page.1}) has been already used, duplicate ignored
<to be read again> 
                   \relax 
l.3 \lipsum{
            } [1


])pdfTeX warning (ext4): destination with the same identifier (name{page.2}) ha
s been already used, duplicate ignored
<to be read again> 
                   \relax 
l.133 \chapter
              {Background\label{chap:first-chapter}} [2]
Chapter 1.
(./chapter-1/chapter-1.tex
Underfull \hbox (badness 10000) in paragraph at lines 10--15

 []

[3

] [4] [5]) [6]
Chapter 2.
(./chapter-2/chapter-2.tex) [7

] [8

] (./conclusions.tex) [9] [10

]
LaTeX Font Info:    Trying to load font information for T1+cmtt on input line 1
51.

(/usr/share/texmf-dist/tex/latex/base/t1cmtt.fd
File: t1cmtt.fd 2019/12/16 v2.5j Standard LaTeX font definitions
) [11] [12

]
Appendix A.
(./appendix-a/appendix-a.tex) [13] [14

]
Appendix B.
(./appendix-b/appendix-b.tex) [15] [16

]
Appendix C.
(./appendix-c/appendix-c.tex)
No file thesis.ind.
Package atveryend Info: Empty hook `BeforeClearDocument' on input line 170.
[17]
Package atveryend Info: Empty hook `AfterLastShipout' on input line 170.
 (./thesis.aux)
Package atveryend Info: Executing hook `AtVeryEndDocument' on input line 170.
Package atveryend Info: Executing hook `AtEndAfterFileList' on input line 170.
Package rerunfilecheck Info: File `thesis.out' has not changed.
(rerunfilecheck)             Checksum: 958DC8FE94CDE7794A318D177163ED84;3059.
Package logreq Info: Writing requests to 'thesis.run.xml'.
Package atveryend Info: Empty hook `AtVeryVeryEnd' on input line 170.
 ) 
Here is how much of TeX's memory you used:
 24103 strings out of 480478
 389408 string characters out of 5905960
 1167056 words of memory out of 5000000
 39654 multiletter control sequences out of 15000+600000
 549113 words of font info for 60 fonts, out of 8000000 for 9000
 1141 hyphenation exceptions out of 8191
 55i,11n,96p,1131b,1864s stack positions out of 5000i,500n,10000p,200000b,80000s
{/usr/share/texmf-dist/fonts/enc/dvips/cm-super/cm-super-t1.enc}{/usr/share/t
exmf-dist/fonts/enc/dvips/cm-super/cm-super-ts1.enc}</usr/share/texmf-dist/font
s/type1/public/cm-super/sfbx1095.pfb></usr/share/texmf-dist/fonts/type1/public/
cm-super/sfbx1200.pfb></usr/share/texmf-dist/fonts/type1/public/cm-super/sfbx14
40.pfb></usr/share/texmf-dist/fonts/type1/public/cm-super/sfbx2074.pfb></usr/sh
are/texmf-dist/fonts/type1/public/cm-super/sfbx2488.pfb></usr/share/texmf-dist/
fonts/type1/public/cm-super/sfcc1095.pfb></usr/share/texmf-dist/fonts/type1/pub
lic/cm-super/sfcc1440.pfb></usr/share/texmf-dist/fonts/type1/public/cm-super/sf
rm1095.pfb></usr/share/texmf-dist/fonts/type1/public/cm-super/sfrm1200.pfb></us
r/share/texmf-dist/fonts/type1/public/cm-super/sfrm1440.pfb></usr/share/texmf-d
ist/fonts/type1/public/cm-super/sfrm1728.pfb></usr/share/texmf-dist/fonts/type1
/public/cm-super/sfsl1095.pfb></usr/share/texmf-dist/fonts/type1/public/cm-supe
r/sfti1095.pfb></usr/share/texmf-dist/fonts/type1/public/cm-super/sftt1095.pfb>

Output written on thesis.pdf (35 pages, 300052 bytes).
PDF statistics:
 385 PDF objects out of 1000 (max. 8388607)
 323 compressed objects within 4 object streams
 67 named destinations out of 1000 (max. 500000)
 190 words of extra memory for PDF output out of 10000 (max. 10000000)

